2025-05-15 17:31:58,081 - Step 1/5: Search
2025-05-15 17:32:36,439 - Step 1/5: Search
2025-05-15 17:37:54,614 - Step 2/5: Select
2025-05-15 17:50:31,968 - Step 1/5: Search
2025-05-15 17:51:53,225 - Step 1/5: Search
2025-05-15 17:52:16,233 - Step 2/5: Select
2025-05-15 17:54:51,440 - Step 1/5: Search
2025-05-15 17:56:35,142 - Step 2/5: Select
2025-05-15 17:57:28,237 - Step 4/5: Confirm
2025-05-15 17:59:42,614 - Step 1/5: Search
2025-05-15 18:00:04,298 - Step 2/5: Select
2025-05-15 18:00:08,223 - Step 3/5: Initialize
2025-05-15 18:00:51,100 - Step 4/5: Confirm
2025-05-15 18:02:43,719 - Step 5/5: Status Check
2025-05-15 18:29:20,989 - Step 1/5: Search
2025-05-15 18:31:30,675 - Step 2/5: Select
2025-05-15 18:31:34,441 - Step 3/5: Initialize
2025-05-15 18:32:16,545 - Step 4/5: Confirm
2025-05-15 18:33:20,815 - Step 5/5: Status Check
2025-05-15 18:34:31,396 - Step 5/5: Status Check
2025-05-15 19:27:06,883 - Step 1/5: Search
2025-05-15 19:27:06,883 - Step 1/5: Search
2025-05-15 19:27:06,883 - Step 1/5: Search
2025-05-15 19:27:06,883 - Step 1/5: Search
2025-05-15 19:27:18,475 - Step 2/5: Select
2025-05-15 19:27:18,475 - Step 2/5: Select
2025-05-15 19:27:18,475 - Step 2/5: Select
2025-05-15 19:27:18,475 - Step 2/5: Select
2025-05-15 19:27:21,015 - Step 3/5: Initialize
2025-05-15 19:27:21,015 - Step 3/5: Initialize
2025-05-15 19:27:21,015 - Step 3/5: Initialize
2025-05-15 19:27:21,015 - Step 3/5: Initialize
2025-05-15 19:27:42,671 - Step 4/5: Confirm
2025-05-15 19:27:42,671 - Step 4/5: Confirm
2025-05-15 19:27:42,671 - Step 4/5: Confirm
2025-05-15 19:27:42,671 - Step 4/5: Confirm
2025-05-15 19:27:55,569 - Step 5/5: Status Check
2025-05-15 19:27:55,569 - Step 5/5: Status Check
2025-05-15 19:27:55,569 - Step 5/5: Status Check
2025-05-15 19:27:55,569 - Step 5/5: Status Check
2025-05-15 19:30:28,485 - Step 1/5: Search
2025-05-15 19:30:28,485 - Step 1/5: Search
2025-05-15 19:30:28,485 - Step 1/5: Search
2025-05-15 19:30:28,485 - Step 1/5: Search
2025-05-15 19:30:39,302 - Step 2/5: Select
2025-05-15 19:30:39,302 - Step 2/5: Select
2025-05-15 19:30:39,302 - Step 2/5: Select
2025-05-15 19:30:39,302 - Step 2/5: Select
2025-05-15 19:30:41,938 - Step 3/5: Initialize
2025-05-15 19:30:41,938 - Step 3/5: Initialize
2025-05-15 19:30:41,938 - Step 3/5: Initialize
2025-05-15 19:30:41,938 - Step 3/5: Initialize
2025-05-15 19:31:18,088 - Step 4/5: Confirm
2025-05-15 19:31:18,088 - Step 4/5: Confirm
2025-05-15 19:31:18,088 - Step 4/5: Confirm
2025-05-15 19:31:18,088 - Step 4/5: Confirm
2025-05-15 19:31:28,990 - Step 5/5: Status Check
2025-05-15 19:31:28,990 - Step 5/5: Status Check
2025-05-15 19:31:28,990 - Step 5/5: Status Check
2025-05-15 19:31:28,990 - Step 5/5: Status Check
2025-05-15 19:32:45,616 - Step 5/5: Status Check
2025-05-15 19:32:45,616 - Step 5/5: Status Check
2025-05-15 19:32:45,616 - Step 5/5: Status Check
2025-05-15 19:32:45,616 - Step 5/5: Status Check
2025-05-15 19:45:46,071 - Step 1/5: Search
2025-05-15 19:45:46,071 - Step 1/5: Search
2025-05-15 19:45:46,071 - Step 1/5: Search
2025-05-15 19:45:46,071 - Step 1/5: Search
